Using pre-set license
Built from '2020.2/staging' branch; Version is '2020.2.7f1 (c53830e277f1) revision 12924976'; Using compiler version '192528614'; Build Type 'Release'
OS: 'Windows 10 Pro; OS build 19042.1288; Version 2009; 64bit' Language: 'en' Physical Memory: 8065 MB
BatchMode: 1, IsHumanControllingUs: 0, StartBugReporterOnCrash: 0, Is64bit: 1, IsPro: 0

 COMMAND LINE ARGUMENTS:
C:\Program Files\Unity\Editor\Unity.exe
-adb2
-batchMode
-noUpm
-name
AssetImportWorker0
-projectPath
E:/data H/Kuliah/S1 Teknik Informatika/Semester 3/Game Programming/Project/UTS
-logFile
Logs/AssetImportWorker0.log
-srvPort
63137
Successfully changed project path to: E:/data H/Kuliah/S1 Teknik Informatika/Semester 3/Game Programming/Project/UTS
E:/data H/Kuliah/S1 Teknik Informatika/Semester 3/Game Programming/Project/UTS
Using Asset Import Pipeline V2.
Refreshing native plugins compatible for Editor in 82.06 ms, found 1 plugins.
Preloading 0 native plugins for Editor in 0.00 ms.
Initialize engine version: 2020.2.7f1 (c53830e277f1)
[Subsystems] Discovering subsystems at path C:/Program Files/Unity/Editor/Data/Resources/UnitySubsystems
[Subsystems] Discovering subsystems at path E:/data H/Kuliah/S1 Teknik Informatika/Semester 3/Game Programming/Project/UTS/Assets
GfxDevice: creating device client; threaded=0
Direct3D:
    Version:  Direct3D 11.0 [level 11.0]
    Renderer: NVIDIA GeForce 940MX (ID=0x134d)
    Vendor:   
    VRAM:     2019 MB
    Driver:   21.21.13.7654
Initialize mono
Mono path[0] = 'C:/Program Files/Unity/Editor/Data/Managed'
Mono path[1] = 'C:/Program Files/Unity/Editor/Data/MonoBleedingEdge/lib/mono/unityjit'
Mono config path = 'C:/Program Files/Unity/Editor/Data/MonoBleedingEdge/etc'
Using monoOptions --debugger-agent=transport=dt_socket,embedding=1,server=y,suspend=n,address=127.0.0.1:56492
Begin MonoManager ReloadAssembly
Registering precompiled unity dll's ...
Register platform support module: C:/Program Files/Unity/Editor/Data/PlaybackEngines/WindowsStandaloneSupport/UnityEditor.WindowsStandalone.Extensions.dll
Registered in 0.005365 seconds.
Native extension for WindowsStandalone target not found
Refreshing native plugins compatible for Editor in 68.49 ms, found 1 plugins.
Preloading 0 native plugins for Editor in 0.00 ms.
Invoked RoslynAnalysisRunner static constructor.
RoslynAnalysisRunner will not be running.
RoslynAnalysisRunner has terminated.
Mono: successfully reloaded assembly
- Completed reload, in  2.171 seconds
Platform modules already initialized, skipping
Registering precompiled user dll's ...
Registered in 0.001583 seconds.
Begin MonoManager ReloadAssembly
Native extension for WindowsStandalone target not found
Refreshing native plugins compatible for Editor in 71.07 ms, found 1 plugins.
Preloading 0 native plugins for Editor in 0.00 ms.
Invoked RoslynAnalysisRunner static constructor.
RoslynAnalysisRunner will not be running.
RoslynAnalysisRunner has terminated.
Mono: successfully reloaded assembly
- Completed reload, in  1.904 seconds
Platform modules already initialized, skipping
========================================================================
Worker process is ready to serve import requests
Launched and connected shader compiler UnityShaderCompiler.exe after 0.10 seconds
Refreshing native plugins compatible for Editor in 0.51 ms, found 1 plugins.
Preloading 0 native plugins for Editor in 0.00 ms.
Unloading 1806 Unused Serialized files (Serialized files now loaded: 0)
System memory in use before: 85.2 MB.
System memory in use after: 85.2 MB.

Unloading 24 unused Assets to reduce memory usage. Loaded Objects now: 2248.
Total: 3.420100 ms (FindLiveObjects: 0.385500 ms CreateObjectMapping: 0.153400 ms MarkObjects: 2.675000 ms  DeleteObjects: 0.204800 ms)

========================================================================
Received Import Request.
  path: Assets/Images/enemy.png
  artifactKey: Guid(8417523495a97e24eb52d93ada54ee01) Importer(815301076,1909f56bfc062723c751e8b465ee728b)
Start importing Assets/Images/enemy.png using Guid(8417523495a97e24eb52d93ada54ee01) Importer(815301076,1909f56bfc062723c751e8b465ee728b)  -> (artifact id: 'da73bc22edabc609f6e1fe072b29855e') in 0.196621 seconds
  Import took 0.249478 seconds .

========================================================================
Received Import Request.
  Time since last request: 0.000428 seconds.
  path: Assets/Images
  artifactKey: Guid(e0ccf5b8e58089a42a9c3caa94b65a46) Importer(815301076,1909f56bfc062723c751e8b465ee728b)
Start importing Assets/Images using Guid(e0ccf5b8e58089a42a9c3caa94b65a46) Importer(815301076,1909f56bfc062723c751e8b465ee728b)  -> (artifact id: 'f769f99a03e567bd117a2353c0f48bfc') in 0.003588 seconds
  Import took 0.010589 seconds .

========================================================================
Received Import Request.
  Time since last request: 0.000519 seconds.
  path: Assets/Images/karakter.jpg
  artifactKey: Guid(ac39af076b7ad584eb045bdbe5e2b998) Importer(815301076,1909f56bfc062723c751e8b465ee728b)
Start importing Assets/Images/karakter.jpg using Guid(ac39af076b7ad584eb045bdbe5e2b998) Importer(815301076,1909f56bfc062723c751e8b465ee728b)  -> (artifact id: 'd5b4ce8c3b93c327174c94277a1e53dd') in 0.028218 seconds
  Import took 0.035608 seconds .

========================================================================
Received Import Request.
  Time since last request: 0.000478 seconds.
  path: Assets/Images/background.png
  artifactKey: Guid(68aed3f953172294a8cf83d659b67816) Importer(815301076,1909f56bfc062723c751e8b465ee728b)
Start importing Assets/Images/background.png using Guid(68aed3f953172294a8cf83d659b67816) Importer(815301076,1909f56bfc062723c751e8b465ee728b)  -> (artifact id: 'fcae3b1356554e102a37c5617829396b') in 0.076466 seconds
  Import took 0.085844 seconds .

========================================================================
Received Prepare
Registering precompiled user dll's ...
Registered in 0.001654 seconds.
Begin MonoManager ReloadAssembly
Native extension for WindowsStandalone target not found
Refreshing native plugins compatible for Editor in 0.67 ms, found 1 plugins.
Preloading 0 native plugins for Editor in 0.00 ms.
Invoked RoslynAnalysisRunner static constructor.
RoslynAnalysisRunner will not be running.
RoslynAnalysisRunner has terminated.
Mono: successfully reloaded assembly
- Completed reload, in  1.707 seconds
Platform modules already initialized, skipping
Refreshing native plugins compatible for Editor in 0.48 ms, found 1 plugins.
Preloading 0 native plugins for Editor in 0.00 ms.
Unloading 1802 Unused Serialized files (Serialized files now loaded: 0)
System memory in use before: 88.3 MB.
System memory in use after: 88.3 MB.

Unloading 12 unused Assets to reduce memory usage. Loaded Objects now: 2263.
Total: 3.444200 ms (FindLiveObjects: 0.295300 ms CreateObjectMapping: 0.136800 ms MarkObjects: 2.843400 ms  DeleteObjects: 0.166800 ms)

========================================================================
Received Prepare
Registering precompiled user dll's ...
Registered in 0.002144 seconds.
Begin MonoManager ReloadAssembly
Native extension for WindowsStandalone target not found
Refreshing native plugins compatible for Editor in 0.50 ms, found 1 plugins.
Preloading 0 native plugins for Editor in 0.00 ms.
Invoked RoslynAnalysisRunner static constructor.
RoslynAnalysisRunner will not be running.
RoslynAnalysisRunner has terminated.
Mono: successfully reloaded assembly
- Completed reload, in  2.310 seconds
Platform modules already initialized, skipping
Refreshing native plugins compatible for Editor in 0.54 ms, found 1 plugins.
Preloading 0 native plugins for Editor in 0.00 ms.
Unloading 1803 Unused Serialized files (Serialized files now loaded: 0)
System memory in use before: 88.4 MB.
System memory in use after: 88.4 MB.

Unloading 12 unused Assets to reduce memory usage. Loaded Objects now: 2268.
Total: 3.190200 ms (FindLiveObjects: 0.349300 ms CreateObjectMapping: 0.219600 ms MarkObjects: 2.449200 ms  DeleteObjects: 0.169600 ms)

========================================================================
Received Prepare
Registering precompiled user dll's ...
Registered in 0.002489 seconds.
Begin MonoManager ReloadAssembly
Native extension for WindowsStandalone target not found
Refreshing native plugins compatible for Editor in 0.86 ms, found 1 plugins.
Preloading 0 native plugins for Editor in 0.00 ms.
Invoked RoslynAnalysisRunner static constructor.
RoslynAnalysisRunner will not be running.
RoslynAnalysisRunner has terminated.
Mono: successfully reloaded assembly
- Completed reload, in  2.950 seconds
Platform modules already initialized, skipping
Refreshing native plugins compatible for Editor in 0.50 ms, found 1 plugins.
Preloading 0 native plugins for Editor in 0.00 ms.
Unloading 1803 Unused Serialized files (Serialized files now loaded: 0)
System memory in use before: 88.4 MB.
System memory in use after: 88.4 MB.

Unloading 12 unused Assets to reduce memory usage. Loaded Objects now: 2272.
Total: 3.130600 ms (FindLiveObjects: 0.419100 ms CreateObjectMapping: 0.152500 ms MarkObjects: 2.381700 ms  DeleteObjects: 0.175500 ms)

========================================================================
Received Import Request.
  Time since last request: 399.520863 seconds.
  path: Assets/Images/background.png
  artifactKey: Guid(e49524a6a75fa3b4f888f97e2373935a) Importer(815301076,1909f56bfc062723c751e8b465ee728b)
Start importing Assets/Images/background.png using Guid(e49524a6a75fa3b4f888f97e2373935a) Importer(815301076,1909f56bfc062723c751e8b465ee728b)  -> (artifact id: '6f46b25826913c9bebac3070017f80d4') in 0.160535 seconds
  Import took 0.168692 seconds .

========================================================================
Received Import Request.
  Time since last request: 0.001052 seconds.
  path: Assets/Images/karakter.jpg
  artifactKey: Guid(02e47333b31e93e44bf3ff380d18fa12) Importer(815301076,1909f56bfc062723c751e8b465ee728b)
Start importing Assets/Images/karakter.jpg using Guid(02e47333b31e93e44bf3ff380d18fa12) Importer(815301076,1909f56bfc062723c751e8b465ee728b)  -> (artifact id: '1e75b1760e6cf874a2ec990e08dcebdc') in 0.025430 seconds
  Import took 0.065147 seconds .

========================================================================
Received Prepare
Registering precompiled user dll's ...
Registered in 0.001662 seconds.
Begin MonoManager ReloadAssembly
Native extension for WindowsStandalone target not found
Refreshing native plugins compatible for Editor in 0.64 ms, found 1 plugins.
Preloading 0 native plugins for Editor in 0.00 ms.
Invoked RoslynAnalysisRunner static constructor.
RoslynAnalysisRunner will not be running.
RoslynAnalysisRunner has terminated.
Mono: successfully reloaded assembly
- Completed reload, in  2.073 seconds
Platform modules already initialized, skipping
Refreshing native plugins compatible for Editor in 0.56 ms, found 1 plugins.
Preloading 0 native plugins for Editor in 0.00 ms.
Unloading 1804 Unused Serialized files (Serialized files now loaded: 0)
System memory in use before: 88.4 MB.
System memory in use after: 88.4 MB.

Unloading 12 unused Assets to reduce memory usage. Loaded Objects now: 2280.
Total: 4.147700 ms (FindLiveObjects: 0.409100 ms CreateObjectMapping: 0.167200 ms MarkObjects: 3.317000 ms  DeleteObjects: 0.251800 ms)

========================================================================
Received Prepare
Registering precompiled user dll's ...
Registered in 0.001564 seconds.
Begin MonoManager ReloadAssembly
Native extension for WindowsStandalone target not found
Refreshing native plugins compatible for Editor in 0.52 ms, found 1 plugins.
Preloading 0 native plugins for Editor in 0.00 ms.
Invoked RoslynAnalysisRunner static constructor.
RoslynAnalysisRunner will not be running.
RoslynAnalysisRunner has terminated.
Mono: successfully reloaded assembly
- Completed reload, in  1.821 seconds
Platform modules already initialized, skipping
Refreshing native plugins compatible for Editor in 0.51 ms, found 1 plugins.
Preloading 0 native plugins for Editor in 0.00 ms.
Unloading 1804 Unused Serialized files (Serialized files now loaded: 0)
System memory in use before: 88.5 MB.
System memory in use after: 88.5 MB.

Unloading 12 unused Assets to reduce memory usage. Loaded Objects now: 2284.
Total: 3.301800 ms (FindLiveObjects: 0.407500 ms CreateObjectMapping: 0.168700 ms MarkObjects: 2.545600 ms  DeleteObjects: 0.177800 ms)

========================================================================
Received Prepare
Registering precompiled user dll's ...
Registered in 0.002404 seconds.
Begin MonoManager ReloadAssembly
Native extension for WindowsStandalone target not found
Refreshing native plugins compatible for Editor in 0.78 ms, found 1 plugins.
Preloading 0 native plugins for Editor in 0.00 ms.
Invoked RoslynAnalysisRunner static constructor.
RoslynAnalysisRunner will not be running.
RoslynAnalysisRunner has terminated.
Mono: successfully reloaded assembly
- Completed reload, in  1.877 seconds
Platform modules already initialized, skipping
Refreshing native plugins compatible for Editor in 0.52 ms, found 1 plugins.
Preloading 0 native plugins for Editor in 0.00 ms.
Unloading 1805 Unused Serialized files (Serialized files now loaded: 0)
System memory in use before: 88.5 MB.
System memory in use after: 88.5 MB.

Unloading 12 unused Assets to reduce memory usage. Loaded Objects now: 2289.
Total: 3.588700 ms (FindLiveObjects: 0.574200 ms CreateObjectMapping: 0.160800 ms MarkObjects: 2.675200 ms  DeleteObjects: 0.176500 ms)

========================================================================
Received Prepare
Registering precompiled user dll's ...
Registered in 0.001749 seconds.
Begin MonoManager ReloadAssembly
Native extension for WindowsStandalone target not found
Refreshing native plugins compatible for Editor in 0.91 ms, found 1 plugins.
Preloading 0 native plugins for Editor in 0.00 ms.
Invoked RoslynAnalysisRunner static constructor.
RoslynAnalysisRunner will not be running.
RoslynAnalysisRunner has terminated.
Mono: successfully reloaded assembly
- Completed reload, in  2.281 seconds
Platform modules already initialized, skipping
Refreshing native plugins compatible for Editor in 0.78 ms, found 1 plugins.
Preloading 0 native plugins for Editor in 0.00 ms.
Unloading 1805 Unused Serialized files (Serialized files now loaded: 0)
System memory in use before: 88.5 MB.
System memory in use after: 88.5 MB.

Unloading 12 unused Assets to reduce memory usage. Loaded Objects now: 2293.
Total: 4.441000 ms (FindLiveObjects: 0.397500 ms CreateObjectMapping: 0.163900 ms MarkObjects: 3.698600 ms  DeleteObjects: 0.178200 ms)

========================================================================
Received Import Request.
  Time since last request: 1117.118795 seconds.
  path: Assets/Images/Karakter.jpg
  artifactKey: Guid(02e47333b31e93e44bf3ff380d18fa12) Importer(815301076,1909f56bfc062723c751e8b465ee728b)
Start importing Assets/Images/Karakter.jpg using Guid(02e47333b31e93e44bf3ff380d18fa12) Importer(815301076,1909f56bfc062723c751e8b465ee728b)  -> (artifact id: '1f4bb09fce04f6c5963820578acfd926') in 0.153315 seconds
  Import took 0.161464 seconds .

========================================================================
Received Prepare
Registering precompiled user dll's ...
Registered in 0.001566 seconds.
Begin MonoManager ReloadAssembly
Native extension for WindowsStandalone target not found
Refreshing native plugins compatible for Editor in 0.51 ms, found 1 plugins.
Preloading 0 native plugins for Editor in 0.00 ms.
Invoked RoslynAnalysisRunner static constructor.
RoslynAnalysisRunner will not be running.
RoslynAnalysisRunner has terminated.
Mono: successfully reloaded assembly
- Completed reload, in  1.914 seconds
Platform modules already initialized, skipping
Refreshing native plugins compatible for Editor in 0.79 ms, found 1 plugins.
Preloading 0 native plugins for Editor in 0.00 ms.
Unloading 1805 Unused Serialized files (Serialized files now loaded: 0)
System memory in use before: 88.5 MB.
System memory in use after: 88.5 MB.

Unloading 12 unused Assets to reduce memory usage. Loaded Objects now: 2298.
Total: 4.271600 ms (FindLiveObjects: 0.422300 ms CreateObjectMapping: 0.162500 ms MarkObjects: 3.467800 ms  DeleteObjects: 0.216600 ms)

========================================================================
Received Prepare
Registering precompiled user dll's ...
Registered in 0.001607 seconds.
Begin MonoManager ReloadAssembly
Native extension for WindowsStandalone target not found
Refreshing native plugins compatible for Editor in 1.17 ms, found 1 plugins.
Preloading 0 native plugins for Editor in 0.00 ms.
Invoked RoslynAnalysisRunner static constructor.
RoslynAnalysisRunner will not be running.
RoslynAnalysisRunner has terminated.
Mono: successfully reloaded assembly
- Completed reload, in  3.013 seconds
Platform modules already initialized, skipping
Refreshing native plugins compatible for Editor in 0.58 ms, found 1 plugins.
Preloading 0 native plugins for Editor in 0.00 ms.
Unloading 1805 Unused Serialized files (Serialized files now loaded: 0)
System memory in use before: 88.5 MB.
System memory in use after: 88.5 MB.

Unloading 12 unused Assets to reduce memory usage. Loaded Objects now: 2302.
Total: 5.868500 ms (FindLiveObjects: 0.557100 ms CreateObjectMapping: 0.448400 ms MarkObjects: 4.692400 ms  DeleteObjects: 0.168400 ms)

========================================================================
Received Prepare
Registering precompiled user dll's ...
Registered in 0.002165 seconds.
Begin MonoManager ReloadAssembly
Native extension for WindowsStandalone target not found
Refreshing native plugins compatible for Editor in 0.50 ms, found 1 plugins.
Preloading 0 native plugins for Editor in 0.00 ms.
Invoked RoslynAnalysisRunner static constructor.
RoslynAnalysisRunner will not be running.
RoslynAnalysisRunner has terminated.
Mono: successfully reloaded assembly
- Completed reload, in  1.688 seconds
Platform modules already initialized, skipping
Refreshing native plugins compatible for Editor in 0.52 ms, found 1 plugins.
Preloading 0 native plugins for Editor in 0.00 ms.
Unloading 1805 Unused Serialized files (Serialized files now loaded: 0)
System memory in use before: 88.5 MB.
System memory in use after: 88.5 MB.

Unloading 12 unused Assets to reduce memory usage. Loaded Objects now: 2306.
Total: 4.852900 ms (FindLiveObjects: 0.802400 ms CreateObjectMapping: 0.158300 ms MarkObjects: 3.716500 ms  DeleteObjects: 0.172900 ms)

========================================================================
Received Prepare
Registering precompiled user dll's ...
Registered in 0.001706 seconds.
Begin MonoManager ReloadAssembly
Native extension for WindowsStandalone target not found
Refreshing native plugins compatible for Editor in 0.83 ms, found 1 plugins.
Preloading 0 native plugins for Editor in 0.00 ms.
Invoked RoslynAnalysisRunner static constructor.
RoslynAnalysisRunner will not be running.
RoslynAnalysisRunner has terminated.
Mono: successfully reloaded assembly
- Completed reload, in  2.274 seconds
Platform modules already initialized, skipping
Refreshing native plugins compatible for Editor in 0.52 ms, found 1 plugins.
Preloading 0 native plugins for Editor in 0.00 ms.
Unloading 1806 Unused Serialized files (Serialized files now loaded: 0)
System memory in use before: 88.6 MB.
System memory in use after: 88.6 MB.

Unloading 12 unused Assets to reduce memory usage. Loaded Objects now: 2311.
Total: 5.333300 ms (FindLiveObjects: 0.672200 ms CreateObjectMapping: 0.116900 ms MarkObjects: 4.293100 ms  DeleteObjects: 0.248500 ms)

========================================================================
Received Prepare
Registering precompiled user dll's ...
Registered in 0.003043 seconds.
Begin MonoManager ReloadAssembly
Native extension for WindowsStandalone target not found
Refreshing native plugins compatible for Editor in 0.50 ms, found 1 plugins.
Preloading 0 native plugins for Editor in 0.00 ms.
Invoked RoslynAnalysisRunner static constructor.
RoslynAnalysisRunner will not be running.
RoslynAnalysisRunner has terminated.
Mono: successfully reloaded assembly
- Completed reload, in  1.538 seconds
Platform modules already initialized, skipping
Refreshing native plugins compatible for Editor in 0.50 ms, found 1 plugins.
Preloading 0 native plugins for Editor in 0.00 ms.
Unloading 1806 Unused Serialized files (Serialized files now loaded: 0)
System memory in use before: 88.6 MB.
System memory in use after: 88.6 MB.

Unloading 12 unused Assets to reduce memory usage. Loaded Objects now: 2315.
Total: 4.232800 ms (FindLiveObjects: 0.368900 ms CreateObjectMapping: 0.120200 ms MarkObjects: 3.486000 ms  DeleteObjects: 0.254800 ms)

========================================================================
Received Prepare
Registering precompiled user dll's ...
Registered in 0.020647 seconds.
Begin MonoManager ReloadAssembly
Native extension for WindowsStandalone target not found
Refreshing native plugins compatible for Editor in 0.51 ms, found 1 plugins.
Preloading 0 native plugins for Editor in 0.00 ms.
Invoked RoslynAnalysisRunner static constructor.
RoslynAnalysisRunner will not be running.
RoslynAnalysisRunner has terminated.
Mono: successfully reloaded assembly
- Completed reload, in  1.741 seconds
Platform modules already initialized, skipping
Refreshing native plugins compatible for Editor in 0.53 ms, found 1 plugins.
Preloading 0 native plugins for Editor in 0.00 ms.
Unloading 1806 Unused Serialized files (Serialized files now loaded: 0)
System memory in use before: 88.6 MB.
System memory in use after: 88.6 MB.

Unloading 12 unused Assets to reduce memory usage. Loaded Objects now: 2319.
Total: 3.841200 ms (FindLiveObjects: 0.465200 ms CreateObjectMapping: 0.181400 ms MarkObjects: 3.018900 ms  DeleteObjects: 0.172900 ms)

========================================================================
Received Import Request.
  Time since last request: 1947.997595 seconds.
  path: Assets/Enemy.prefab
  artifactKey: Guid(8ce92bc974a92a14da126f7cd98ba601) Importer(815301076,1909f56bfc062723c751e8b465ee728b)
Start importing Assets/Enemy.prefab using Guid(8ce92bc974a92a14da126f7cd98ba601) Importer(815301076,1909f56bfc062723c751e8b465ee728b)  -> (artifact id: '4f152e996b6850fdeb78b6cec8b03a1c') in 0.217139 seconds
  Import took 0.257816 seconds .

========================================================================
Received Import Request.
  Time since last request: 0.000497 seconds.
  path: Assets/HealthBar.png
  artifactKey: Guid(1698f2581f86ef247b0bd48ecde8514d) Importer(815301076,1909f56bfc062723c751e8b465ee728b)
Start importing Assets/HealthBar.png using Guid(1698f2581f86ef247b0bd48ecde8514d) Importer(815301076,1909f56bfc062723c751e8b465ee728b)  -> (artifact id: 'bdfc4457ce449f1384073c827e358a6f') in 0.055504 seconds
  Import took 0.076989 seconds .

========================================================================
Received Import Request.
  Time since last request: 0.017492 seconds.
  path: Assets/HealthBar.png
  artifactKey: Guid(1698f2581f86ef247b0bd48ecde8514d) Importer(815301076,1909f56bfc062723c751e8b465ee728b)
Start importing Assets/HealthBar.png using Guid(1698f2581f86ef247b0bd48ecde8514d) Importer(815301076,1909f56bfc062723c751e8b465ee728b)  -> (artifact id: 'bdfc4457ce449f1384073c827e358a6f') in 0.015601 seconds
  Import took 0.023879 seconds .

========================================================================
Received Import Request.
  Time since last request: 2.643829 seconds.
  path: Assets/Prefabs/enemy (1).prefab
  artifactKey: Guid(88d918acb5b59724d877e6db6997305b) Importer(815301076,1909f56bfc062723c751e8b465ee728b)
Start importing Assets/Prefabs/enemy (1).prefab using Guid(88d918acb5b59724d877e6db6997305b) Importer(815301076,1909f56bfc062723c751e8b465ee728b)  -> (artifact id: '416e881a572a4b28924dd7e446d6552d') in 0.017351 seconds
  Import took 0.028710 seconds .

========================================================================
Received Import Request.
  Time since last request: 0.003065 seconds.
  path: Assets/Prefabs/enemy (1).prefab
  artifactKey: Guid(88d918acb5b59724d877e6db6997305b) Importer(815301076,1909f56bfc062723c751e8b465ee728b)
Start importing Assets/Prefabs/enemy (1).prefab using Guid(88d918acb5b59724d877e6db6997305b) Importer(815301076,1909f56bfc062723c751e8b465ee728b)  -> (artifact id: '416e881a572a4b28924dd7e446d6552d') in 0.014892 seconds
  Import took 0.022500 seconds .

========================================================================
Received Import Request.
  Time since last request: 132.390047 seconds.
  path: Assets/Images/Enemy.png
  artifactKey: Guid(d2ae430c6ff474c4b9b5ed92c35ce196) Importer(815301076,1909f56bfc062723c751e8b465ee728b)
Start importing Assets/Images/Enemy.png using Guid(d2ae430c6ff474c4b9b5ed92c35ce196) Importer(815301076,1909f56bfc062723c751e8b465ee728b)  -> (artifact id: 'f2a5b3c1fd763bb0334d89322bfbcc29') in 0.048247 seconds
  Import took 0.055100 seconds .

========================================================================
Received Import Request.
  Time since last request: 0.007883 seconds.
  path: Assets/Images/Enemy.png
  artifactKey: Guid(d2ae430c6ff474c4b9b5ed92c35ce196) Importer(815301076,1909f56bfc062723c751e8b465ee728b)
Start importing Assets/Images/Enemy.png using Guid(d2ae430c6ff474c4b9b5ed92c35ce196) Importer(815301076,1909f56bfc062723c751e8b465ee728b)  -> (artifact id: 'f2a5b3c1fd763bb0334d89322bfbcc29') in 0.016660 seconds
  Import took 0.023683 seconds .

========================================================================
Received Prepare
Registering precompiled user dll's ...
Registered in 0.001837 seconds.
Begin MonoManager ReloadAssembly
Native extension for WindowsStandalone target not found
Refreshing native plugins compatible for Editor in 0.54 ms, found 1 plugins.
Preloading 0 native plugins for Editor in 0.00 ms.
Invoked RoslynAnalysisRunner static constructor.
RoslynAnalysisRunner will not be running.
RoslynAnalysisRunner has terminated.
Mono: successfully reloaded assembly
- Completed reload, in  2.107 seconds
Platform modules already initialized, skipping
Refreshing native plugins compatible for Editor in 0.66 ms, found 1 plugins.
Preloading 0 native plugins for Editor in 0.00 ms.
Unloading 1806 Unused Serialized files (Serialized files now loaded: 0)
System memory in use before: 88.6 MB.
System memory in use after: 88.6 MB.

Unloading 12 unused Assets to reduce memory usage. Loaded Objects now: 2330.
Total: 3.724700 ms (FindLiveObjects: 0.345900 ms CreateObjectMapping: 0.175200 ms MarkObjects: 3.014700 ms  DeleteObjects: 0.186800 ms)

========================================================================
Received Prepare
Registering precompiled user dll's ...
Registered in 0.001631 seconds.
Begin MonoManager ReloadAssembly
Native extension for WindowsStandalone target not found
Refreshing native plugins compatible for Editor in 0.63 ms, found 1 plugins.
Preloading 0 native plugins for Editor in 0.00 ms.
Invoked RoslynAnalysisRunner static constructor.
RoslynAnalysisRunner will not be running.
RoslynAnalysisRunner has terminated.
Mono: successfully reloaded assembly
- Completed reload, in  1.772 seconds
Platform modules already initialized, skipping
Refreshing native plugins compatible for Editor in 0.62 ms, found 1 plugins.
Preloading 0 native plugins for Editor in 0.00 ms.
Unloading 1806 Unused Serialized files (Serialized files now loaded: 0)
System memory in use before: 88.7 MB.
System memory in use after: 88.6 MB.

Unloading 12 unused Assets to reduce memory usage. Loaded Objects now: 2334.
Total: 4.628100 ms (FindLiveObjects: 0.422100 ms CreateObjectMapping: 0.150000 ms MarkObjects: 3.827200 ms  DeleteObjects: 0.226100 ms)

========================================================================
Received Prepare
Registering precompiled user dll's ...
Registered in 0.001639 seconds.
Begin MonoManager ReloadAssembly
Native extension for WindowsStandalone target not found
Refreshing native plugins compatible for Editor in 0.67 ms, found 1 plugins.
Preloading 0 native plugins for Editor in 0.00 ms.
Invoked RoslynAnalysisRunner static constructor.
RoslynAnalysisRunner will not be running.
RoslynAnalysisRunner has terminated.
Mono: successfully reloaded assembly
- Completed reload, in  1.872 seconds
Platform modules already initialized, skipping
Refreshing native plugins compatible for Editor in 0.64 ms, found 1 plugins.
Preloading 0 native plugins for Editor in 0.00 ms.
Unloading 1806 Unused Serialized files (Serialized files now loaded: 0)
System memory in use before: 88.7 MB.
System memory in use after: 88.7 MB.

Unloading 12 unused Assets to reduce memory usage. Loaded Objects now: 2338.
Total: 4.585800 ms (FindLiveObjects: 0.337900 ms CreateObjectMapping: 0.167600 ms MarkObjects: 3.888100 ms  DeleteObjects: 0.190100 ms)

AssetImportWorkerClient::OnTransportError - code=2 error=End of file
